<?xml version="1.0" encoding="UTF-8"?>
<!-- Generated by org.testng.reporters.JUnitReportReporter -->
<testsuite hostname="DESKTOP-C9AATUT" failures="0" tests="1" name="test.LoginTest" time="8.801" errors="0" timestamp="2022-07-16T10:09:49 IST" skipped="0">
  <testcase classname="test.LoginTest" name="login" time="8.801"/>
  <system-out/>
</testsuite> <!-- test.LoginTest -->
